<?xml version="1.0" encoding="UTF-8"?>
<!-- Generated by org.testng.reporters.JUnitReportReporter -->
<testsuite skipped="0" hostname="EPINPUNW0044" name="RestAssuredTest.GetdataClass" tests="5" failures="0" timestamp="31 Jan 2019 11:16:39 GMT" time="5.486" errors="1">
  <testcase name="getGoogle" time="1.039" classname="RestAssuredTest.GetdataClass">
    <error type="java.lang.ClassCastException" message="java.lang.Float cannot be cast to java.lang.String">
      <![CDATA[java.lang.ClassCastException: java.lang.Float cannot be cast to java.lang.String
at RestAssuredTest.GetdataClass.getGoogle(GetdataClass.java:77)
at sun.reflect.NativeMethodAccessorImpl.invoke0(Native Method)
at sun.reflect.NativeMethodAccessorImpl.invoke(Unknown Source)
at sun.reflect.DelegatingMethodAccessorImpl.invoke(Unknown Source)
at java.lang.reflect.Method.invoke(Unknown Source)
at org.testng.internal.MethodInvocationHelper.invokeMethod(MethodInvocationHelper.java:124)
at org.testng.internal.Invoker.invokeMethod(Invoker.java:583)
at org.testng.internal.Invoker.invokeTestMethod(Invoker.java:719)
at org.testng.internal.Invoker.invokeTestMethods(Invoker.java:989)
at org.testng.internal.TestMethodWorker.invokeTestMethods(TestMethodWorker.java:125)
at org.testng.internal.TestMethodWorker.run(TestMethodWorker.java:109)
at org.testng.TestRunner.privateRun(TestRunner.java:648)
at org.testng.TestRunner.run(TestRunner.java:505)
at org.testng.SuiteRunner.runTest(SuiteRunner.java:455)
at org.testng.SuiteRunner.runSequentially(SuiteRunner.java:450)
at org.testng.SuiteRunner.privateRun(SuiteRunner.java:415)
at org.testng.SuiteRunner.run(SuiteRunner.java:364)
at org.testng.SuiteRunnerWorker.runSuite(SuiteRunnerWorker.java:52)
at org.testng.SuiteRunnerWorker.run(SuiteRunnerWorker.java:84)
at org.testng.TestNG.runSuitesSequentially(TestNG.java:1208)
at org.testng.TestNG.runSuitesLocally(TestNG.java:1137)
at org.testng.TestNG.runSuites(TestNG.java:1049)
at org.testng.TestNG.run(TestNG.java:1017)
at org.testng.remote.AbstractRemoteTestNG.run(AbstractRemoteTestNG.java:114)
at org.testng.remote.RemoteTestNG.initAndRun(RemoteTestNG.java:251)
at org.testng.remote.RemoteTestNG.main(RemoteTestNG.java:77)
]]>
    </error>
  </testcase> <!-- getGoogle -->
  <testcase name="postTweet" time="0.972" classname="RestAssuredTest.GetdataClass"/>
  <testcase name="getMethod" time="0.888" classname="RestAssuredTest.GetdataClass"/>
  <testcase name="postMethod" time="0.778" classname="RestAssuredTest.GetdataClass"/>
  <testcase name="getDetail" time="1.809" classname="RestAssuredTest.GetdataClass"/>
</testsuite> <!-- RestAssuredTest.GetdataClass -->
